<?xml version="1.0" encoding="UTF-8"?>
<!-- Generated by org.testng.reporters.JUnitReportReporter -->
<testsuite skipped="0" hostname="ASDP1547PO01976" name="com.qainfotech.tap.training.snl.api.BoardModelTest" tests="3" failures="0" timestamp="27 Jul 2017 12:53:39 GMT" time="0.103" errors="0">
  <testcase name="dataTest" time="0.089" classname="com.qainfotech.tap.training.snl.api.BoardModelTest"/>
  <testcase name="saveTest" time="0.009" classname="com.qainfotech.tap.training.snl.api.BoardModelTest"/>
  <testcase name="initTest" time="0.005" classname="com.qainfotech.tap.training.snl.api.BoardModelTest"/>
</testsuite> <!-- com.qainfotech.tap.training.snl.api.BoardModelTest -->
