<?xml version="1.0" encoding="UTF-8"?>
<!-- Generated by org.testng.reporters.JUnitReportReporter -->
<testsuite skipped="0" hostname="ASDP1547PO01976" name="com.qainfotech.tap.training.snl.api.BoardTest" tests="1" failures="0" timestamp="17 Jul 2017 05:36:35 GMT" time="0.052" errors="0">
  <testcase name="testPlayerRegistration" time="0.052" classname="com.qainfotech.tap.training.snl.api.BoardTest"/>
</testsuite> <!-- com.qainfotech.tap.training.snl.api.BoardTest -->
