<?xml version="1.0" encoding="UTF-8"?>
<!-- Generated by org.testng.reporters.JUnitReportReporter -->
<testsuite skipped="0" hostname="ASDP1547PO01976" name="com.qainfotech.tap.training.snl.api.BoardModelTest" tests="2" failures="0" timestamp="17 Jul 2017 05:36:35 GMT" time="0.013" errors="0">
  <testcase name="saveTest" time="0.004" classname="com.qainfotech.tap.training.snl.api.BoardModelTest"/>
  <testcase name="initTest" time="0.009" classname="com.qainfotech.tap.training.snl.api.BoardModelTest"/>
</testsuite> <!-- com.qainfotech.tap.training.snl.api.BoardModelTest -->
